1675178599513:ddd cola jianbo
1675178715113:ddd cola crt jianbo
1675229944527:ddd cola -o -n hello
1675229966011:ddd cola -n hello
1675237456270:valid-test jianbo
1675237475921:aldes
1675237481115:ep
1675237488243:dd
1675237538775:valid-test hello
1675237545461:valid-test
1675237587790:aeca o ebln
1675237607298:al-ethh
1675237622990:test go
1675237627119:test
1675237680602:test jianbo
1675237685127:test jia
1675237687941:test fei
1675237707435:test jianbo
1675237716992:esja
1675237728697:test jianbo
1675251756967:ddd cola -n hello
1675350132011:test
1675350587800:fan
1675350620672:fan cola -c -t
1675350640807:fan cola create service
1675350680170:fan cola create web
1675350748062:fan cola create service
1677436713022:test
1677436724522:help
1677436737524:ddd 1 2 3
1677597124817:ddd 1 1 1
1677747483489:ddd 1  1 1
1677747488692:hello
1677747495892:22
1677747541147:ddd  1 1 1
1677747599286:ddd 1 1 1
1677768556551:ddd create cola
